<?xml version="1.0" encoding="UTF-8"?>
<!-- Generated by org.testng.reporters.JUnitReportReporter -->
<testsuite hostname="DESKTOP-0JBB44C" failures="0" tests="3" name="week3.day2.ValidateResponseBodyForMultiData" time="9.706" errors="0" timestamp="2026-02-03T17:19:26 IST" skipped="0">
  <testcase classname="week3.day2.ValidateResponseBodyForMultiData" name="run" time="2.077"/>
  <testcase classname="week3.day2.ValidateResponseBodyForMultiData" name="run" time="2.124"/>
  <testcase classname="week3.day2.ValidateResponseBodyForMultiData" name="run" time="5.505"/>
</testsuite> <!-- week3.day2.ValidateResponseBodyForMultiData -->
