<?xml version="1.0" encoding="UTF-8"?>
<!-- Generated by org.testng.reporters.JUnitReportReporter -->
<testsuite hostname="DESKTOP-0JBB44C" failures="0" tests="3" name="week3.day2.CreateNewRecordInIncidentwithMultiData" time="9.805" errors="0" timestamp="2026-02-01T18:25:51 IST" skipped="0">
  <testcase classname="week3.day2.CreateNewRecordInIncidentwithMultiData" name="run" time="2.638"/>
  <testcase classname="week3.day2.CreateNewRecordInIncidentwithMultiData" name="run" time="4.799"/>
  <testcase classname="week3.day2.CreateNewRecordInIncidentwithMultiData" name="run" time="2.368"/>
</testsuite> <!-- week3.day2.CreateNewRecordInIncidentwithMultiData -->
