<?xml version="1.0" encoding="UTF-8"?>
<!-- Generated by org.testng.reporters.JUnitReportReporter -->
<testsuite hostname="DESKTOP-0JBB44C" failures="0" tests="3" name="week3.day2.ValidateResponseBody" time="9.361" errors="0" timestamp="2026-02-01T18:41:38 IST" skipped="0">
  <testcase classname="week3.day2.ValidateResponseBody" name="run" time="5.275"/>
  <testcase classname="week3.day2.ValidateResponseBody" name="run" time="2.091"/>
  <testcase classname="week3.day2.ValidateResponseBody" name="run" time="1.995"/>
</testsuite> <!-- week3.day2.ValidateResponseBody -->
