<?xml version="1.0" encoding="UTF-8"?>
<!-- Generated by org.testng.reporters.JUnitReportReporter -->
<testsuite hostname="DESKTOP-0JBB44C" failures="0" tests="2" name="incidente2eflow.CreateMultiIncident" time="6.397" errors="0" timestamp="2026-02-03T17:59:07 IST" skipped="0">
  <testcase classname="incidente2eflow.CreateMultiIncident" name="createMultiIncidensysID" time="4.345"/>
  <testcase classname="incidente2eflow.CreateMultiIncident" name="createMultiIncidensysID" time="2.052"/>
</testsuite> <!-- incidente2eflow.CreateMultiIncident -->
