<?xml version="1.0" encoding="UTF-8"?>
<!-- Generated by org.testng.reporters.JUnitReportReporter -->
<testsuite hostname="DESKTOP-0JBB44C" failures="0" tests="3" name="week3.day2.ValidateResponseBodyForMultiData" time="9.144" errors="0" timestamp="2026-02-01T18:46:13 IST" skipped="0">
  <testcase classname="week3.day2.ValidateResponseBodyForMultiData" name="run" time="5.097"/>
  <testcase classname="week3.day2.ValidateResponseBodyForMultiData" name="run" time="2.041"/>
  <testcase classname="week3.day2.ValidateResponseBodyForMultiData" name="run" time="2.006"/>
</testsuite> <!-- week3.day2.ValidateResponseBodyForMultiData -->
