<?xml version="1.0" encoding="UTF-8"?>
<!-- Generated by org.testng.reporters.JUnitReportReporter -->
<testsuite hostname="DESKTOP-0JBB44C" failures="0" tests="5" name="runner.TestNGRunner" time="12.235" errors="0" timestamp="2026-02-09T21:34:36 IST" skipped="0">
  <testcase classname="runner.TestNGRunner" name="runScenario" time="1.991"/>
  <testcase classname="runner.TestNGRunner" name="runScenario" time="1.906"/>
  <testcase classname="runner.TestNGRunner" name="runScenario" time="4.629"/>
  <testcase classname="runner.TestNGRunner" name="runScenario" time="1.771"/>
  <testcase classname="runner.TestNGRunner" name="runScenario" time="1.938"/>
</testsuite> <!-- runner.TestNGRunner -->
