<?xml version="1.0" encoding="UTF-8"?>
<testng-results ignored="0" total="1" passed="1" failed="0" skipped="0">
  <reporter-output>
  </reporter-output>
  <suite started-at="2026-02-07T12:43:58 IST" name="Default suite" finished-at="2026-02-07T12:44:04 IST" duration-ms="5628">
    <groups>
      <group name="cucumber">
        <method signature="AbstractTestNGCucumberTests.runScenario(io.cucumber.testng.PickleWrapper,io.cucumber.testng.FeatureWrapper)[pri:0, instance:runner.TestNGRunner@79079097]" name="runScenario" class="io.cucumber.testng.AbstractTestNGCucumberTests"/>
      </group> <!-- cucumber -->
    </groups>
    <test started-at="2026-02-07T12:43:58 IST" name="Default test" finished-at="2026-02-07T12:44:04 IST" duration-ms="5628">
      <class name="runner.TestNGRunner">
        <test-method is-config="true" signature="setUpClass(org.testng.ITestContext)[pri:0, instance:runner.TestNGRunner@79079097]" started-at="2026-02-07T12:43:58 IST" name="setUpClass" finished-at="2026-02-07T12:43:59 IST" duration-ms="560" status="PASS">
          <params>
            <param index="0">
              <value>
                <![CDATA[org.testng.TestRunner@250d440]]>
              </value>
            </param>
          </params>
          <reporter-output>
          </reporter-output>
        </test-method> <!-- setUpClass -->
        <test-method signature="runScenario(io.cucumber.testng.PickleWrapper,io.cucumber.testng.FeatureWrapper)[pri:0, instance:runner.TestNGRunner@79079097]" started-at="2026-02-07T12:43:59 IST" name="runScenario" description="Runs Cucumber Scenarios" data-provider="scenarios" finished-at="2026-02-07T12:44:04 IST" duration-ms="4984" status="PASS">
          <params>
            <param index="0">
              <value>
                <![CDATA["validate user should able to fetch all records from the incident table"]]>
              </value>
            </param>
            <param index="1">
              <value>
                <![CDATA["Validate the CURD operation of the serviceNow incident table API"]]>
              </value>
            </param>
          </params>
          <reporter-output>
          </reporter-output>
        </test-method> <!-- runScenario -->
        <test-method is-config="true" signature="tearDownClass()[pri:0, instance:runner.TestNGRunner@79079097]" started-at="2026-02-07T12:44:04 IST" name="tearDownClass" finished-at="2026-02-07T12:44:04 IST" duration-ms="35" status="PASS">
          <reporter-output>
          </reporter-output>
        </test-method> <!-- tearDownClass -->
      </class> <!-- runner.TestNGRunner -->
    </test> <!-- Default test -->
  </suite> <!-- Default suite -->
</testng-results>
