<?xml version="1.0" encoding="UTF-8"?>
<!-- Generated by org.testng.reporters.JUnitXMLReporter -->
<testsuite ignored="0" hostname="DESKTOP-0JBB44C" failures="0" tests="5" name="Test" time="20.165" errors="0" timestamp="2026-02-03T18:53:13 IST">
  <testcase classname="incidente2eflowwithMultiSysID.CreateMultiIncident" name="createMultiIncidensysID" time="5.108"/>
  <testcase classname="incidente2eflowwithMultiSysID.CreateMultiIncident" name="createMultiIncidensysID" time="2.095"/>
  <testcase classname="incidente2eflowwithMultiSysID.PutIncident" name="updateExistingIncident" time="4.26"/>
  <testcase classname="incidente2eflowwithMultiSysID.GetIncident" name="getIncidentInfo" time="3.961"/>
  <testcase classname="incidente2eflowwithMultiSysID.DeleteIncident" name="deleteIncident" time="4.671"/>
</testsuite> <!-- Test -->
