<?xml version="1.0" encoding="UTF-8"?>
<!-- Generated by org.testng.reporters.JUnitXMLReporter -->
<testsuite ignored="0" hostname="DESKTOP-0JBB44C" failures="1" tests="2" name="Test" time="4.76" errors="0" timestamp="2026-02-01T19:20:15 IST">
  <testcase classname="incidente2eflow.CreateIncident" name="createNewIncident" time="4.698"/>
  <testcase classname="incidente2eflow.GetIncident" name="getIncidentInfo" time="0.0">
    <failure type="org.testng.TestNGException" message="
Cannot inject @Test annotated Method [getIncidentInfo] with [class java.lang.String].
For more information on native dependency injection please refer to https://testng.org/#_dependency_injection">
      <![CDATA[org.testng.TestNGException: 
Cannot inject @Test annotated Method [getIncidentInfo] with [class java.lang.String].
For more information on native dependency injection please refer to https://testng.org/#_dependency_injection
at java.base/java.util.ArrayList.forEach(ArrayList.java:1511)
... Removed 26 stack frames]]>
    </failure>
  </testcase> <!-- getIncidentInfo -->
</testsuite> <!-- Test -->
